<?xml version="1.0" encoding="UTF-8"?>
<robot generator="Robot 6.0.2 (Python 3.10.10 on linux)" generated="20230314 17:09:16.913" rpa="false" schemaversion="3">
<suite id="s1" name="CreateAccount" source="/home/avani/Desktop/Login_Register_App/Testsuite/CreateAccount.robot">
<test id="s1-t1" name="TC2:" line="114">
<kw name="Create List" library="BuiltIn">
<var>@{Success_list}</var>
<doc>Returns a list containing given items.</doc>
<msg timestamp="20230314 17:09:17.065" level="INFO">@{Success_list} = [ ]</msg>
<status status="PASS" starttime="20230314 17:09:17.065" endtime="20230314 17:09:17.065"/>
</kw>
<kw name="Create List" library="BuiltIn">
<var>@{Fail_list}</var>
<doc>Returns a list containing given items.</doc>
<msg timestamp="20230314 17:09:17.066" level="INFO">@{Fail_list} = [ ]</msg>
<status status="PASS" starttime="20230314 17:09:17.066" endtime="20230314 17:09:17.066"/>
</kw>
<for flavor="IN RANGE">
<var>${index}</var>
<value>${loop_count}</value>
<iter>
<var name="${index}">0</var>
<kw name="Run Keyword And Return Status" library="BuiltIn">
<var>${status}</var>
<arg>Create An Account</arg>
<doc>Runs the given keyword with given arguments and returns the status as a Boolean value.</doc>
<kw name="Create An Account">
<kw name="Open app">
<kw name="Open Application" library="AppiumLibrary">
<arg>${REMOTE_URL}</arg>
<arg>platformName=${PLATFORM_NAME}</arg>
<arg>platformVersion=${PLATFORM_VERSION}</arg>
<arg>deviceName=${DeviceName}</arg>
<arg>appPackage=${App_Package}</arg>
<arg>appActivity=${APP_ACTIVITY}</arg>
<arg>automationName=${AUTOMATION_NAME}</arg>
<doc>Opens a new application to given Appium server.
Capabilities of appium server, Android and iOS,
Please check https://github.com/appium/appium/blob/master/docs/en/writing-running-appium/server-args.md
| *Option*            | *Man.* | *Description*     |
| remote_url          | Yes    | Appium server url |
| alias               | no     | alias             |
| strict_ssl          | No     | allows you to send commands to an invalid certificate host like a self-signed one. |</doc>
<status status="PASS" starttime="20230314 17:09:17.067" endtime="20230314 17:09:24.503"/>
</kw>
<status status="PASS" starttime="20230314 17:09:17.067" endtime="20230314 17:09:24.503"/>
</kw>
<kw name="Wait Until Page Contains Element" library="AppiumLibrary">
<arg>${SignIn_Email}</arg>
<arg>${default_dealy}</arg>
<doc>Waits until element specified with `locator` appears on current page.</doc>
<msg timestamp="20230314 17:09:25.108" level="INFO">criteria is com.loginmodule.learning:id/textInputEditTextEmail</msg>
<status status="PASS" starttime="20230314 17:09:24.504" endtime="20230314 17:09:25.108"/>
</kw>
<kw name="Click Element" library="AppiumLibrary">
<arg>${Create_account_button}</arg>
<doc>Click element identified by `locator`.</doc>
<msg timestamp="20230314 17:09:25.110" level="INFO">Clicking element 'com.loginmodule.learning:id/textViewLinkRegister'.</msg>
<msg timestamp="20230314 17:09:25.241" level="INFO">criteria is com.loginmodule.learning:id/textViewLinkRegister</msg>
<status status="PASS" starttime="20230314 17:09:25.108" endtime="20230314 17:09:25.241"/>
</kw>
<kw name="Wait Until Page Contains Element" library="AppiumLibrary">
<arg>${Input_Email_field}</arg>
<arg>${default_dealy}</arg>
<doc>Waits until element specified with `locator` appears on current page.</doc>
<msg timestamp="20230314 17:09:25.874" level="INFO">criteria is com.loginmodule.learning:id/textInputEditTextEmail</msg>
<status status="PASS" starttime="20230314 17:09:25.241" endtime="20230314 17:09:25.874"/>
</kw>
<kw name="Page Should Contain Element" library="AppiumLibrary">
<arg>${Input_Name_field}</arg>
<doc>Verifies that current page contains `locator` element.</doc>
<msg timestamp="20230314 17:09:25.945" level="INFO">Current page contains element 'com.loginmodule.learning:id/textInputEditTextName'.</msg>
<msg timestamp="20230314 17:09:25.945" level="INFO">criteria is com.loginmodule.learning:id/textInputEditTextName</msg>
<status status="PASS" starttime="20230314 17:09:25.874" endtime="20230314 17:09:25.945"/>
</kw>
<kw name="Click Element" library="AppiumLibrary">
<arg>${INPUT_NAME_FIELD}</arg>
<doc>Click element identified by `locator`.</doc>
<msg timestamp="20230314 17:09:25.947" level="INFO">Clicking element 'com.loginmodule.learning:id/textInputEditTextName'.</msg>
<msg timestamp="20230314 17:09:26.076" level="INFO">criteria is com.loginmodule.learning:id/textInputEditTextName</msg>
<status status="PASS" starttime="20230314 17:09:25.945" endtime="20230314 17:09:26.077"/>
</kw>
<kw name="Generate Random String" library="String">
<var>${name}</var>
<arg>5</arg>
<doc>Generates a string with a desired ``length`` from the given ``chars``.</doc>
<msg timestamp="20230314 17:09:26.077" level="INFO">${name} = PJzic</msg>
<status status="PASS" starttime="20230314 17:09:26.077" endtime="20230314 17:09:26.077"/>
</kw>
<kw name="Input Text" library="AppiumLibrary">
<arg>${Input_Name_field}</arg>
<arg>${name}</arg>
<doc>Types the given `text` into text field identified by `locator`.</doc>
<msg timestamp="20230314 17:09:26.081" level="INFO">Typing text 'PJzic' into text field 'com.loginmodule.learning:id/textInputEditTextName'</msg>
<msg timestamp="20230314 17:09:26.819" level="INFO">criteria is com.loginmodule.learning:id/textInputEditTextName</msg>
<status status="PASS" starttime="20230314 17:09:26.077" endtime="20230314 17:09:26.819"/>
</kw>
<kw name="Go Back" library="AppiumLibrary">
<doc>Goes one step backward in the browser history.</doc>
<status status="PASS" starttime="20230314 17:09:26.820" endtime="20230314 17:09:28.173"/>
</kw>
<kw name="Page Should Contain Element" library="AppiumLibrary">
<arg>${input_email_field}</arg>
<doc>Verifies that current page contains `locator` element.</doc>
<msg timestamp="20230314 17:09:28.839" level="INFO">Current page contains element 'com.loginmodule.learning:id/textInputEditTextEmail'.</msg>
<msg timestamp="20230314 17:09:28.839" level="INFO">criteria is com.loginmodule.learning:id/textInputEditTextEmail</msg>
<status status="PASS" starttime="20230314 17:09:28.173" endtime="20230314 17:09:28.839"/>
</kw>
<kw name="Click Element" library="AppiumLibrary">
<arg>${input_email_field}</arg>
<doc>Click element identified by `locator`.</doc>
<msg timestamp="20230314 17:09:28.842" level="INFO">Clicking element 'com.loginmodule.learning:id/textInputEditTextEmail'.</msg>
<msg timestamp="20230314 17:09:29.025" level="INFO">criteria is com.loginmodule.learning:id/textInputEditTextEmail</msg>
<status status="PASS" starttime="20230314 17:09:28.839" endtime="20230314 17:09:29.025"/>
</kw>
<kw name="Set Variable" library="BuiltIn">
<var>${a}</var>
<arg>@rj.com</arg>
<doc>Returns the given values which can then be assigned to a variables.</doc>
<msg timestamp="20230314 17:09:29.025" level="INFO">${a} = @rj.com</msg>
<status status="PASS" starttime="20230314 17:09:29.025" endtime="20230314 17:09:29.025"/>
</kw>
<kw name="Generate Random String" library="String">
<var>${number}</var>
<arg>3</arg>
<arg>[NUMBERS]</arg>
<doc>Generates a string with a desired ``length`` from the given ``chars``.</doc>
<msg timestamp="20230314 17:09:29.026" level="INFO">${number} = 172</msg>
<status status="PASS" starttime="20230314 17:09:29.026" endtime="20230314 17:09:29.026"/>
</kw>
<kw name="Set Variable" library="BuiltIn">
<var>${enter_emailid}</var>
<arg>${email}${number}${a}</arg>
<doc>Returns the given values which can then be assigned to a variables.</doc>
<msg timestamp="20230314 17:09:29.027" level="INFO">${enter_emailid} = rajdeep+172@rj.com</msg>
<status status="PASS" starttime="20230314 17:09:29.026" endtime="20230314 17:09:29.027"/>
</kw>
<kw name="Input Text" library="AppiumLibrary">
<arg>${input_email_field}</arg>
<arg>${enter_emailid}</arg>
<doc>Types the given `text` into text field identified by `locator`.</doc>
<msg timestamp="20230314 17:09:29.031" level="INFO">Typing text 'rajdeep+172@rj.com' into text field 'com.loginmodule.learning:id/textInputEditTextEmail'</msg>
<msg timestamp="20230314 17:09:29.742" level="INFO">criteria is com.loginmodule.learning:id/textInputEditTextEmail</msg>
<status status="PASS" starttime="20230314 17:09:29.027" endtime="20230314 17:09:29.742"/>
</kw>
<kw name="Go Back" library="AppiumLibrary">
<doc>Goes one step backward in the browser history.</doc>
<status status="PASS" starttime="20230314 17:09:29.743" endtime="20230314 17:09:30.417"/>
</kw>
<kw name="Page Should Contain Element" library="AppiumLibrary">
<arg>${Input_Password_field}</arg>
<doc>Verifies that current page contains `locator` element.</doc>
<msg timestamp="20230314 17:09:31.087" level="INFO">Current page contains element 'com.loginmodule.learning:id/textInputEditTextPassword'.</msg>
<msg timestamp="20230314 17:09:31.087" level="INFO">criteria is com.loginmodule.learning:id/textInputEditTextPassword</msg>
<status status="PASS" starttime="20230314 17:09:30.417" endtime="20230314 17:09:31.087"/>
</kw>
<kw name="Click Element" library="AppiumLibrary">
<arg>${input_password_field}</arg>
<doc>Click element identified by `locator`.</doc>
<msg timestamp="20230314 17:09:31.090" level="INFO">Clicking element 'com.loginmodule.learning:id/textInputEditTextPassword'.</msg>
<msg timestamp="20230314 17:09:32.063" level="INFO">criteria is com.loginmodule.learning:id/textInputEditTextPassword</msg>
<status status="PASS" starttime="20230314 17:09:31.088" endtime="20230314 17:09:32.063"/>
</kw>
<kw name="Generate Random String" library="String">
<var>${password}</var>
<arg>5</arg>
<arg>[NUMBERS]</arg>
<doc>Generates a string with a desired ``length`` from the given ``chars``.</doc>
<msg timestamp="20230314 17:09:32.063" level="INFO">${password} = 80840</msg>
<status status="PASS" starttime="20230314 17:09:32.063" endtime="20230314 17:09:32.063"/>
</kw>
<kw name="Input Text" library="AppiumLibrary">
<arg>${input_password_field}</arg>
<arg>${password}</arg>
<doc>Types the given `text` into text field identified by `locator`.</doc>
<msg timestamp="20230314 17:09:32.065" level="INFO">Typing text '80840' into text field 'com.loginmodule.learning:id/textInputEditTextPassword'</msg>
<msg timestamp="20230314 17:09:32.250" level="INFO">criteria is com.loginmodule.learning:id/textInputEditTextPassword</msg>
<status status="PASS" starttime="20230314 17:09:32.063" endtime="20230314 17:09:32.250"/>
</kw>
<kw name="Go Back" library="AppiumLibrary">
<doc>Goes one step backward in the browser history.</doc>
<status status="PASS" starttime="20230314 17:09:32.250" endtime="20230314 17:09:32.959"/>
</kw>
<kw name="Page Should Contain Element" library="AppiumLibrary">
<arg>${Input_ConfPassword_field}</arg>
<doc>Verifies that current page contains `locator` element.</doc>
<msg timestamp="20230314 17:09:33.662" level="INFO">Current page contains element 'com.loginmodule.learning:id/textInputEditTextConfirmPassword'.</msg>
<msg timestamp="20230314 17:09:33.663" level="INFO">criteria is com.loginmodule.learning:id/textInputEditTextConfirmPassword</msg>
<status status="PASS" starttime="20230314 17:09:32.959" endtime="20230314 17:09:33.663"/>
</kw>
<kw name="Click Element" library="AppiumLibrary">
<arg>${input_confpassword_field}</arg>
<doc>Click element identified by `locator`.</doc>
<msg timestamp="20230314 17:09:33.664" level="INFO">Clicking element 'com.loginmodule.learning:id/textInputEditTextConfirmPassword'.</msg>
<msg timestamp="20230314 17:09:35.111" level="INFO">criteria is com.loginmodule.learning:id/textInputEditTextConfirmPassword</msg>
<status status="PASS" starttime="20230314 17:09:33.663" endtime="20230314 17:09:35.111"/>
</kw>
<kw name="Input Text" library="AppiumLibrary">
<arg>${input_confpassword_field}</arg>
<arg>${password}</arg>
<doc>Types the given `text` into text field identified by `locator`.</doc>
<msg timestamp="20230314 17:09:35.114" level="INFO">Typing text '80840' into text field 'com.loginmodule.learning:id/textInputEditTextConfirmPassword'</msg>
<msg timestamp="20230314 17:09:35.280" level="INFO">criteria is com.loginmodule.learning:id/textInputEditTextConfirmPassword</msg>
<status status="PASS" starttime="20230314 17:09:35.111" endtime="20230314 17:09:35.280"/>
</kw>
<kw name="Go Back" library="AppiumLibrary">
<doc>Goes one step backward in the browser history.</doc>
<status status="PASS" starttime="20230314 17:09:35.280" endtime="20230314 17:09:35.938"/>
</kw>
<kw name="Click Element" library="AppiumLibrary">
<arg>${register_button}</arg>
<doc>Click element identified by `locator`.</doc>
<msg timestamp="20230314 17:09:35.941" level="INFO">Clicking element 'com.loginmodule.learning:id/appCompatButtonRegister'.</msg>
<msg timestamp="20230314 17:09:36.737" level="INFO">criteria is com.loginmodule.learning:id/appCompatButtonRegister</msg>
<status status="PASS" starttime="20230314 17:09:35.938" endtime="20230314 17:09:36.737"/>
</kw>
<kw name="Sleep" library="BuiltIn">
<arg>2s</arg>
<doc>Pauses the test executed for the given time.</doc>
<msg timestamp="20230314 17:09:38.738" level="INFO">Slept 2 seconds</msg>
<status status="PASS" starttime="20230314 17:09:36.737" endtime="20230314 17:09:38.738"/>
</kw>
<kw name="Page Should Contain Text" library="AppiumLibrary">
<arg>Successful</arg>
<doc>Verifies that current page contains `text`.</doc>
<msg timestamp="20230314 17:09:38.904" level="INFO">Current page contains text 'Successful'.</msg>
<status status="PASS" starttime="20230314 17:09:38.738" endtime="20230314 17:09:38.904"/>
</kw>
<kw name="Go Back" library="AppiumLibrary">
<doc>Goes one step backward in the browser history.</doc>
<status status="PASS" starttime="20230314 17:09:38.904" endtime="20230314 17:09:39.431"/>
</kw>
<kw name="Set Global Variable" library="BuiltIn">
<arg>${enter_emailid}</arg>
<arg>${enter_emailid}</arg>
<doc>Makes a variable available globally in all tests and suites.</doc>
<msg timestamp="20230314 17:09:39.432" level="INFO">${enter_emailid} = rajdeep+172@rj.com</msg>
<status status="PASS" starttime="20230314 17:09:39.431" endtime="20230314 17:09:39.432"/>
</kw>
<kw name="Set Global Variable" library="BuiltIn">
<arg>${password}</arg>
<arg>${password}</arg>
<doc>Makes a variable available globally in all tests and suites.</doc>
<msg timestamp="20230314 17:09:39.433" level="INFO">${password} = 80840</msg>
<status status="PASS" starttime="20230314 17:09:39.432" endtime="20230314 17:09:39.433"/>
</kw>
<status status="PASS" starttime="20230314 17:09:17.067" endtime="20230314 17:09:39.433"/>
</kw>
<msg timestamp="20230314 17:09:39.433" level="INFO">${status} = True</msg>
<status status="PASS" starttime="20230314 17:09:17.067" endtime="20230314 17:09:39.433"/>
</kw>
<kw name="Log To Console" library="BuiltIn">
<arg>\n\r ${status}</arg>
<doc>Logs the given message to the console.</doc>
<status status="PASS" starttime="20230314 17:09:39.433" endtime="20230314 17:09:39.434"/>
</kw>
<kw name="Run Keyword If" library="BuiltIn">
<arg>'${status}'=='True'</arg>
<arg>Run Keywords</arg>
<arg>AppiumLibrary.Background App</arg>
<arg>seconds=${Time}</arg>
<arg>AND</arg>
<arg>launch application</arg>
<arg>AND</arg>
<arg>append to list</arg>
<arg>${Success_list}</arg>
<arg>${enter_emailid}</arg>
<arg>AND</arg>
<arg>log to console</arg>
<arg>${enter_emailid}</arg>
<arg>AND</arg>
<arg>continue for loop</arg>
<doc>Runs the given keyword with the given arguments, if ``condition`` is true.</doc>
<kw name="Run Keywords" library="BuiltIn">
<arg>AppiumLibrary.Background App</arg>
<arg>seconds=${Time}</arg>
<arg>AND</arg>
<arg>launch application</arg>
<arg>AND</arg>
<arg>append to list</arg>
<arg>${Success_list}</arg>
<arg>${enter_emailid}</arg>
<arg>AND</arg>
<arg>log to console</arg>
<arg>${enter_emailid}</arg>
<arg>AND</arg>
<arg>continue for loop</arg>
<doc>Executes all the given keywords in a sequence.</doc>
<kw name="Background App" library="AppiumLibrary">
<arg>seconds=${Time}</arg>
<doc>*DEPRECATED!!*  use  `Background Application` instead.
Puts the application in the background on the device for a certain
duration.</doc>
<msg timestamp="20230314 17:09:39.435" level="WARN">Keyword 'AppiumLibrary.Background App' is deprecated. use  `Background Application` instead.
Puts the application in the background on the device for a certain
duration.</msg>
<status status="PASS" starttime="20230314 17:09:39.435" endtime="20230314 17:09:45.043"/>
</kw>
<kw name="Launch Application" library="AppiumLibrary">
<doc>*DEPRECATED!!* in selenium v4, use `Activate Application` keyword.</doc>
<msg timestamp="20230314 17:09:45.044" level="WARN">Keyword 'AppiumLibrary.Launch Application' is deprecated. in selenium v4, use `Activate Application` keyword.</msg>
<status status="PASS" starttime="20230314 17:09:45.043" endtime="20230314 17:09:45.927"/>
</kw>
<kw name="Append To List" library="Collections">
<arg>${Success_list}</arg>
<arg>${enter_emailid}</arg>
<doc>Adds ``values`` to the end of ``list``.</doc>
<status status="PASS" starttime="20230314 17:09:45.927" endtime="20230314 17:09:45.927"/>
</kw>
<kw name="Log To Console" library="BuiltIn">
<arg>${enter_emailid}</arg>
<doc>Logs the given message to the console.</doc>
<status status="PASS" starttime="20230314 17:09:45.927" endtime="20230314 17:09:45.928"/>
</kw>
<kw name="Continue For Loop" library="BuiltIn">
<doc>Skips the current FOR loop iteration and continues from the next.</doc>
<msg timestamp="20230314 17:09:45.928" level="INFO">Continuing for loop from the next iteration.</msg>
<status status="PASS" starttime="20230314 17:09:45.928" endtime="20230314 17:09:45.928"/>
</kw>
<status status="PASS" starttime="20230314 17:09:39.435" endtime="20230314 17:09:45.928"/>
</kw>
<status status="PASS" starttime="20230314 17:09:39.434" endtime="20230314 17:09:45.928"/>
</kw>
<kw name="Run Keyword If" library="BuiltIn">
<arg>'${status}'=='False'</arg>
<arg>run keywords</arg>
<arg>append to list</arg>
<arg>${Fail_list}</arg>
<arg>${enter_emailid}</arg>
<arg>AND</arg>
<arg>log to console</arg>
<arg>${enter_emailid}</arg>
<arg>AND</arg>
<arg>continue for loop</arg>
<doc>Runs the given keyword with the given arguments, if ``condition`` is true.</doc>
<status status="NOT RUN" starttime="20230314 17:09:45.929" endtime="20230314 17:09:45.929"/>
</kw>
<status status="PASS" starttime="20230314 17:09:17.066" endtime="20230314 17:09:45.929"/>
</iter>
<iter>
<var name="${index}">1</var>
<kw name="Run Keyword And Return Status" library="BuiltIn">
<var>${status}</var>
<arg>Create An Account</arg>
<doc>Runs the given keyword with given arguments and returns the status as a Boolean value.</doc>
<kw name="Create An Account">
<kw name="Open app">
<kw name="Open Application" library="AppiumLibrary">
<arg>${REMOTE_URL}</arg>
<arg>platformName=${PLATFORM_NAME}</arg>
<arg>platformVersion=${PLATFORM_VERSION}</arg>
<arg>deviceName=${DeviceName}</arg>
<arg>appPackage=${App_Package}</arg>
<arg>appActivity=${APP_ACTIVITY}</arg>
<arg>automationName=${AUTOMATION_NAME}</arg>
<doc>Opens a new application to given Appium server.
Capabilities of appium server, Android and iOS,
Please check https://github.com/appium/appium/blob/master/docs/en/writing-running-appium/server-args.md
| *Option*            | *Man.* | *Description*     |
| remote_url          | Yes    | Appium server url |
| alias               | no     | alias             |
| strict_ssl          | No     | allows you to send commands to an invalid certificate host like a self-signed one. |</doc>
<kw name="Capture Page Screenshot" library="AppiumLibrary">
<doc>Takes a screenshot of the current page and embeds it into the log.</doc>
<msg timestamp="20230314 17:10:23.114" level="FAIL">WebDriverException: Message: An unknown server-side error occurred while processing the command. Original error: 'GET /screenshot' cannot be proxied to UiAutomator2 server because the instrumentation process is not running (probably crashed). Check the server log and/or the logcat output for more details
Stacktrace:
UnknownError: An unknown server-side error occurred while processing the command. Original error: 'GET /screenshot' cannot be proxied to UiAutomator2 server because the instrumentation process is not running (probably crashed). Check the server log and/or the logcat output for more details
    at UIA2Proxy.command (/home/linuxbrew/.linuxbrew/lib/node_modules/appium/node_modules/appium-base-driver/lib/jsonwp-proxy/proxy.js:274:13)
    at processTicksAndRejections (node:internal/process/task_queues:95:5)
    at AndroidUiautomator2Driver.commands.getScreenshot (/home/linuxbrew/.linuxbrew/lib/node_modules/appium/node_modules/appium-uiautomator2-driver/lib/commands/screenshot.js:14:10)</msg>
<status status="FAIL" starttime="20230314 17:10:23.097" endtime="20230314 17:10:23.138"/>
</kw>
<msg timestamp="20230314 17:10:23.142" level="WARN">Keyword 'Capture Page Screenshot' could not be run on failure: WebDriverException: Message: An unknown server-side error occurred while processing the command. Original error: 'GET /screenshot' cannot be proxied to UiAutomator2 server because the instrumentation process is not running (probably crashed). Check the server log and/or the logcat output for more details
Stacktrace:
UnknownError: An unknown server-side error occurred while processing the command. Original error: 'GET /screenshot' cannot be proxied to UiAutomator2 server because the instrumentation process is not running (probably crashed). Check the server log and/or the logcat output for more details
    at UIA2Proxy.command (/home/linuxbrew/.linuxbrew/lib/node_modules/appium/node_modules/appium-base-driver/lib/jsonwp-proxy/proxy.js:274:13)
    at processTicksAndRejections (node:internal/process/task_queues:95:5)
    at AndroidUiautomator2Driver.commands.getScreenshot (/home/linuxbrew/.linuxbrew/lib/node_modules/appium/node_modules/appium-uiautomator2-driver/lib/commands/screenshot.js:14:10)</msg>
<msg timestamp="20230314 17:10:23.143" level="FAIL">WebDriverException: Message: An unknown server-side error occurred while processing the command. Original error: The instrumentation process cannot be initialized within 30000ms timeout. Make sure the application under test does not crash and investigate the logcat output. You could also try to increase the value of 'uiautomator2ServerLaunchTimeout' capability
Stacktrace:
UnknownError: An unknown server-side error occurred while processing the command. Original error: The instrumentation process cannot be initialized within 30000ms timeout. Make sure the application under test does not crash and investigate the logcat output. You could also try to increase the value of 'uiautomator2ServerLaunchTimeout' capability
    at getResponseForW3CError (/home/linuxbrew/.linuxbrew/lib/node_modules/appium/node_modules/appium-base-driver/lib/protocol/errors.js:804:9)
    at asyncHandler (/home/linuxbrew/.linuxbrew/lib/node_modules/appium/node_modules/appium-base-driver/lib/protocol/protocol.js:380:37)</msg>
<status status="FAIL" starttime="20230314 17:09:45.930" endtime="20230314 17:10:23.143"/>
</kw>
<status status="FAIL" starttime="20230314 17:09:45.930" endtime="20230314 17:10:23.143"/>
</kw>
<kw name="Wait Until Page Contains Element" library="AppiumLibrary">
<arg>${SignIn_Email}</arg>
<arg>${default_dealy}</arg>
<doc>Waits until element specified with `locator` appears on current page.</doc>
<status status="NOT RUN" starttime="20230314 17:10:23.143" endtime="20230314 17:10:23.143"/>
</kw>
<kw name="Click Element" library="AppiumLibrary">
<arg>${Create_account_button}</arg>
<doc>Click element identified by `locator`.</doc>
<status status="NOT RUN" starttime="20230314 17:10:23.144" endtime="20230314 17:10:23.144"/>
</kw>
<kw name="Wait Until Page Contains Element" library="AppiumLibrary">
<arg>${Input_Email_field}</arg>
<arg>${default_dealy}</arg>
<doc>Waits until element specified with `locator` appears on current page.</doc>
<status status="NOT RUN" starttime="20230314 17:10:23.144" endtime="20230314 17:10:23.144"/>
</kw>
<kw name="Page Should Contain Element" library="AppiumLibrary">
<arg>${Input_Name_field}</arg>
<doc>Verifies that current page contains `locator` element.</doc>
<status status="NOT RUN" starttime="20230314 17:10:23.144" endtime="20230314 17:10:23.144"/>
</kw>
<kw name="Click Element" library="AppiumLibrary">
<arg>${INPUT_NAME_FIELD}</arg>
<doc>Click element identified by `locator`.</doc>
<status status="NOT RUN" starttime="20230314 17:10:23.144" endtime="20230314 17:10:23.144"/>
</kw>
<kw name="Generate Random String" library="String">
<var>${name}</var>
<arg>5</arg>
<doc>Generates a string with a desired ``length`` from the given ``chars``.</doc>
<status status="NOT RUN" starttime="20230314 17:10:23.144" endtime="20230314 17:10:23.144"/>
</kw>
<kw name="Input Text" library="AppiumLibrary">
<arg>${Input_Name_field}</arg>
<arg>${name}</arg>
<doc>Types the given `text` into text field identified by `locator`.</doc>
<status status="NOT RUN" starttime="20230314 17:10:23.144" endtime="20230314 17:10:23.144"/>
</kw>
<kw name="Go Back" library="AppiumLibrary">
<doc>Goes one step backward in the browser history.</doc>
<status status="NOT RUN" starttime="20230314 17:10:23.144" endtime="20230314 17:10:23.144"/>
</kw>
<kw name="Page Should Contain Element" library="AppiumLibrary">
<arg>${input_email_field}</arg>
<doc>Verifies that current page contains `locator` element.</doc>
<status status="NOT RUN" starttime="20230314 17:10:23.145" endtime="20230314 17:10:23.145"/>
</kw>
<kw name="Click Element" library="AppiumLibrary">
<arg>${input_email_field}</arg>
<doc>Click element identified by `locator`.</doc>
<status status="NOT RUN" starttime="20230314 17:10:23.145" endtime="20230314 17:10:23.145"/>
</kw>
<kw name="Set Variable" library="BuiltIn">
<var>${a}</var>
<arg>@rj.com</arg>
<doc>Returns the given values which can then be assigned to a variables.</doc>
<status status="NOT RUN" starttime="20230314 17:10:23.145" endtime="20230314 17:10:23.145"/>
</kw>
<kw name="Generate Random String" library="String">
<var>${number}</var>
<arg>3</arg>
<arg>[NUMBERS]</arg>
<doc>Generates a string with a desired ``length`` from the given ``chars``.</doc>
<status status="NOT RUN" starttime="20230314 17:10:23.145" endtime="20230314 17:10:23.145"/>
</kw>
<kw name="Set Variable" library="BuiltIn">
<var>${enter_emailid}</var>
<arg>${email}${number}${a}</arg>
<doc>Returns the given values which can then be assigned to a variables.</doc>
<status status="NOT RUN" starttime="20230314 17:10:23.145" endtime="20230314 17:10:23.145"/>
</kw>
<kw name="Input Text" library="AppiumLibrary">
<arg>${input_email_field}</arg>
<arg>${enter_emailid}</arg>
<doc>Types the given `text` into text field identified by `locator`.</doc>
<status status="NOT RUN" starttime="20230314 17:10:23.145" endtime="20230314 17:10:23.145"/>
</kw>
<kw name="Go Back" library="AppiumLibrary">
<doc>Goes one step backward in the browser history.</doc>
<status status="NOT RUN" starttime="20230314 17:10:23.145" endtime="20230314 17:10:23.145"/>
</kw>
<kw name="Page Should Contain Element" library="AppiumLibrary">
<arg>${Input_Password_field}</arg>
<doc>Verifies that current page contains `locator` element.</doc>
<status status="NOT RUN" starttime="20230314 17:10:23.145" endtime="20230314 17:10:23.146"/>
</kw>
<kw name="Click Element" library="AppiumLibrary">
<arg>${input_password_field}</arg>
<doc>Click element identified by `locator`.</doc>
<status status="NOT RUN" starttime="20230314 17:10:23.146" endtime="20230314 17:10:23.146"/>
</kw>
<kw name="Generate Random String" library="String">
<var>${password}</var>
<arg>5</arg>
<arg>[NUMBERS]</arg>
<doc>Generates a string with a desired ``length`` from the given ``chars``.</doc>
<status status="NOT RUN" starttime="20230314 17:10:23.146" endtime="20230314 17:10:23.146"/>
</kw>
<kw name="Input Text" library="AppiumLibrary">
<arg>${input_password_field}</arg>
<arg>${password}</arg>
<doc>Types the given `text` into text field identified by `locator`.</doc>
<status status="NOT RUN" starttime="20230314 17:10:23.146" endtime="20230314 17:10:23.146"/>
</kw>
<kw name="Go Back" library="AppiumLibrary">
<doc>Goes one step backward in the browser history.</doc>
<status status="NOT RUN" starttime="20230314 17:10:23.146" endtime="20230314 17:10:23.146"/>
</kw>
<kw name="Page Should Contain Element" library="AppiumLibrary">
<arg>${Input_ConfPassword_field}</arg>
<doc>Verifies that current page contains `locator` element.</doc>
<status status="NOT RUN" starttime="20230314 17:10:23.146" endtime="20230314 17:10:23.146"/>
</kw>
<kw name="Click Element" library="AppiumLibrary">
<arg>${input_confpassword_field}</arg>
<doc>Click element identified by `locator`.</doc>
<status status="NOT RUN" starttime="20230314 17:10:23.146" endtime="20230314 17:10:23.146"/>
</kw>
<kw name="Input Text" library="AppiumLibrary">
<arg>${input_confpassword_field}</arg>
<arg>${password}</arg>
<doc>Types the given `text` into text field identified by `locator`.</doc>
<status status="NOT RUN" starttime="20230314 17:10:23.146" endtime="20230314 17:10:23.147"/>
</kw>
<kw name="Go Back" library="AppiumLibrary">
<doc>Goes one step backward in the browser history.</doc>
<status status="NOT RUN" starttime="20230314 17:10:23.147" endtime="20230314 17:10:23.147"/>
</kw>
<kw name="Click Element" library="AppiumLibrary">
<arg>${register_button}</arg>
<doc>Click element identified by `locator`.</doc>
<status status="NOT RUN" starttime="20230314 17:10:23.147" endtime="20230314 17:10:23.147"/>
</kw>
<kw name="Sleep" library="BuiltIn">
<arg>2s</arg>
<doc>Pauses the test executed for the given time.</doc>
<status status="NOT RUN" starttime="20230314 17:10:23.147" endtime="20230314 17:10:23.147"/>
</kw>
<kw name="Page Should Contain Text" library="AppiumLibrary">
<arg>Successful</arg>
<doc>Verifies that current page contains `text`.</doc>
<status status="NOT RUN" starttime="20230314 17:10:23.147" endtime="20230314 17:10:23.147"/>
</kw>
<kw name="Go Back" library="AppiumLibrary">
<doc>Goes one step backward in the browser history.</doc>
<status status="NOT RUN" starttime="20230314 17:10:23.147" endtime="20230314 17:10:23.147"/>
</kw>
<kw name="Set Global Variable" library="BuiltIn">
<arg>${enter_emailid}</arg>
<arg>${enter_emailid}</arg>
<doc>Makes a variable available globally in all tests and suites.</doc>
<status status="NOT RUN" starttime="20230314 17:10:23.147" endtime="20230314 17:10:23.148"/>
</kw>
<kw name="Set Global Variable" library="BuiltIn">
<arg>${password}</arg>
<arg>${password}</arg>
<doc>Makes a variable available globally in all tests and suites.</doc>
<status status="NOT RUN" starttime="20230314 17:10:23.148" endtime="20230314 17:10:23.148"/>
</kw>
<status status="FAIL" starttime="20230314 17:09:45.929" endtime="20230314 17:10:23.148"/>
</kw>
<msg timestamp="20230314 17:10:23.148" level="INFO">${status} = False</msg>
<status status="PASS" starttime="20230314 17:09:45.929" endtime="20230314 17:10:23.148"/>
</kw>
<kw name="Log To Console" library="BuiltIn">
<arg>\n\r ${status}</arg>
<doc>Logs the given message to the console.</doc>
<status status="PASS" starttime="20230314 17:10:23.148" endtime="20230314 17:10:23.149"/>
</kw>
<kw name="Run Keyword If" library="BuiltIn">
<arg>'${status}'=='True'</arg>
<arg>Run Keywords</arg>
<arg>AppiumLibrary.Background App</arg>
<arg>seconds=${Time}</arg>
<arg>AND</arg>
<arg>launch application</arg>
<arg>AND</arg>
<arg>append to list</arg>
<arg>${Success_list}</arg>
<arg>${enter_emailid}</arg>
<arg>AND</arg>
<arg>log to console</arg>
<arg>${enter_emailid}</arg>
<arg>AND</arg>
<arg>continue for loop</arg>
<doc>Runs the given keyword with the given arguments, if ``condition`` is true.</doc>
<status status="PASS" starttime="20230314 17:10:23.149" endtime="20230314 17:10:23.149"/>
</kw>
<kw name="Run Keyword If" library="BuiltIn">
<arg>'${status}'=='False'</arg>
<arg>run keywords</arg>
<arg>append to list</arg>
<arg>${Fail_list}</arg>
<arg>${enter_emailid}</arg>
<arg>AND</arg>
<arg>log to console</arg>
<arg>${enter_emailid}</arg>
<arg>AND</arg>
<arg>continue for loop</arg>
<doc>Runs the given keyword with the given arguments, if ``condition`` is true.</doc>
<kw name="Run Keywords" library="BuiltIn">
<arg>append to list</arg>
<arg>${Fail_list}</arg>
<arg>${enter_emailid}</arg>
<arg>AND</arg>
<arg>log to console</arg>
<arg>${enter_emailid}</arg>
<arg>AND</arg>
<arg>continue for loop</arg>
<doc>Executes all the given keywords in a sequence.</doc>
<kw name="Append To List" library="Collections">
<arg>${Fail_list}</arg>
<arg>${enter_emailid}</arg>
<doc>Adds ``values`` to the end of ``list``.</doc>
<status status="PASS" starttime="20230314 17:10:23.152" endtime="20230314 17:10:23.152"/>
</kw>
<kw name="Log To Console" library="BuiltIn">
<arg>${enter_emailid}</arg>
<doc>Logs the given message to the console.</doc>
<status status="PASS" starttime="20230314 17:10:23.152" endtime="20230314 17:10:23.153"/>
</kw>
<kw name="Continue For Loop" library="BuiltIn">
<doc>Skips the current FOR loop iteration and continues from the next.</doc>
<msg timestamp="20230314 17:10:23.154" level="INFO">Continuing for loop from the next iteration.</msg>
<status status="PASS" starttime="20230314 17:10:23.154" endtime="20230314 17:10:23.154"/>
</kw>
<status status="PASS" starttime="20230314 17:10:23.151" endtime="20230314 17:10:23.154"/>
</kw>
<status status="PASS" starttime="20230314 17:10:23.150" endtime="20230314 17:10:23.154"/>
</kw>
<status status="PASS" starttime="20230314 17:09:45.929" endtime="20230314 17:10:23.154"/>
</iter>
<status status="PASS" starttime="20230314 17:09:17.066" endtime="20230314 17:10:23.154"/>
</for>
<kw name="Log To Console" library="BuiltIn">
<arg>\n\r Sucess attempt list: @{Success_list}</arg>
<doc>Logs the given message to the console.</doc>
<status status="PASS" starttime="20230314 17:10:23.155" endtime="20230314 17:10:23.155"/>
</kw>
<kw name="Log To Console" library="BuiltIn">
<arg>\n\r Failure attempt list: @{Fail_list}</arg>
<doc>Logs the given message to the console.</doc>
<status status="PASS" starttime="20230314 17:10:23.156" endtime="20230314 17:10:23.156"/>
</kw>
<status status="PASS" starttime="20230314 17:09:17.064" endtime="20230314 17:10:23.157"/>
</test>
<status status="PASS" starttime="20230314 17:09:16.915" endtime="20230314 17:10:23.158"/>
</suite>
<statistics>
<total>
<stat pass="1" fail="0" skip="0">All Tests</stat>
</total>
<tag>
</tag>
<suite>
<stat pass="1" fail="0" skip="0" id="s1" name="CreateAccount">CreateAccount</stat>
</suite>
</statistics>
<errors>
<msg timestamp="20230314 17:09:39.435" level="WARN">Keyword 'AppiumLibrary.Background App' is deprecated. use  `Background Application` instead.
Puts the application in the background on the device for a certain
duration.</msg>
<msg timestamp="20230314 17:09:45.044" level="WARN">Keyword 'AppiumLibrary.Launch Application' is deprecated. in selenium v4, use `Activate Application` keyword.</msg>
<msg timestamp="20230314 17:10:23.142" level="WARN">Keyword 'Capture Page Screenshot' could not be run on failure: WebDriverException: Message: An unknown server-side error occurred while processing the command. Original error: 'GET /screenshot' cannot be proxied to UiAutomator2 server because the instrumentation process is not running (probably crashed). Check the server log and/or the logcat output for more details
Stacktrace:
UnknownError: An unknown server-side error occurred while processing the command. Original error: 'GET /screenshot' cannot be proxied to UiAutomator2 server because the instrumentation process is not running (probably crashed). Check the server log and/or the logcat output for more details
    at UIA2Proxy.command (/home/linuxbrew/.linuxbrew/lib/node_modules/appium/node_modules/appium-base-driver/lib/jsonwp-proxy/proxy.js:274:13)
    at processTicksAndRejections (node:internal/process/task_queues:95:5)
    at AndroidUiautomator2Driver.commands.getScreenshot (/home/linuxbrew/.linuxbrew/lib/node_modules/appium/node_modules/appium-uiautomator2-driver/lib/commands/screenshot.js:14:10)</msg>
</errors>
</robot>
